{"C:\\Users\\Rodrigo\\Desktop\\Projects\\clean-node-api\\src\\presentation\\helpers\\http-response.js": {"path":"C:\\Users\\Rodrigo\\Desktop\\Projects\\clean-node-api\\src\\presentation\\helpers\\http-response.js","all":false,"statementMap":{"0":{"start":{"line":1,"column":0},"end":{"line":1,"column":58}},"1":{"start":{"line":2,"column":0},"end":{"line":2,"column":46}},"2":{"start":{"line":3,"column":0},"end":{"line":3,"column":62}},"3":{"start":{"line":4,"column":0},"end":{"line":4,"column":0}},"4":{"start":{"line":5,"column":0},"end":{"line":5,"column":37}},"5":{"start":{"line":6,"column":0},"end":{"line":6,"column":33}},"6":{"start":{"line":7,"column":0},"end":{"line":7,"column":12}},"7":{"start":{"line":8,"column":0},"end":{"line":8,"column":22}},"8":{"start":{"line":9,"column":0},"end":{"line":9,"column":44}},"9":{"start":{"line":10,"column":0},"end":{"line":10,"column":5}},"10":{"start":{"line":11,"column":0},"end":{"line":11,"column":3}},"11":{"start":{"line":12,"column":0},"end":{"line":12,"column":0}},"12":{"start":{"line":13,"column":0},"end":{"line":13,"column":33}},"13":{"start":{"line":14,"column":0},"end":{"line":14,"column":12}},"14":{"start":{"line":15,"column":0},"end":{"line":15,"column":22}},"15":{"start":{"line":16,"column":0},"end":{"line":16,"column":37}},"16":{"start":{"line":17,"column":0},"end":{"line":17,"column":5}},"17":{"start":{"line":18,"column":0},"end":{"line":18,"column":3}},"18":{"start":{"line":19,"column":0},"end":{"line":19,"column":0}},"19":{"start":{"line":20,"column":0},"end":{"line":20,"column":26}},"20":{"start":{"line":21,"column":0},"end":{"line":21,"column":12}},"21":{"start":{"line":22,"column":0},"end":{"line":22,"column":22}},"22":{"start":{"line":23,"column":0},"end":{"line":23,"column":30}},"23":{"start":{"line":24,"column":0},"end":{"line":24,"column":5}},"24":{"start":{"line":25,"column":0},"end":{"line":25,"column":3}},"25":{"start":{"line":26,"column":0},"end":{"line":26,"column":0}},"26":{"start":{"line":27,"column":0},"end":{"line":27,"column":20}},"27":{"start":{"line":28,"column":0},"end":{"line":28,"column":12}},"28":{"start":{"line":29,"column":0},"end":{"line":29,"column":22}},"29":{"start":{"line":30,"column":0},"end":{"line":30,"column":16}},"30":{"start":{"line":31,"column":0},"end":{"line":31,"column":5}},"31":{"start":{"line":32,"column":0},"end":{"line":32,"column":3}},"32":{"start":{"line":33,"column":0},"end":{"line":33,"column":1}}},"s":{"0":1,"1":1,"2":1,"3":1,"4":1,"5":1,"6":2,"7":2,"8":2,"9":2,"10":2,"11":1,"12":1,"13":5,"14":5,"15":5,"16":5,"17":5,"18":1,"19":1,"20":1,"21":1,"22":1,"23":1,"24":1,"25":1,"26":1,"27":2,"28":2,"29":2,"30":2,"31":2,"32":1},"branchMap":{"0":{"type":"branch","line":6,"loc":{"start":{"line":6,"column":9},"end":{"line":11,"column":3}},"locations":[{"start":{"line":6,"column":9},"end":{"line":11,"column":3}}]},"1":{"type":"branch","line":13,"loc":{"start":{"line":13,"column":9},"end":{"line":18,"column":3}},"locations":[{"start":{"line":13,"column":9},"end":{"line":18,"column":3}}]},"2":{"type":"branch","line":20,"loc":{"start":{"line":20,"column":9},"end":{"line":25,"column":3}},"locations":[{"start":{"line":20,"column":9},"end":{"line":25,"column":3}}]},"3":{"type":"branch","line":27,"loc":{"start":{"line":27,"column":9},"end":{"line":32,"column":3}},"locations":[{"start":{"line":27,"column":9},"end":{"line":32,"column":3}}]}},"b":{"0":[2],"1":[5],"2":[1],"3":[2]},"fnMap":{"0":{"name":"badRequest","decl":{"start":{"line":6,"column":9},"end":{"line":11,"column":3}},"loc":{"start":{"line":6,"column":9},"end":{"line":11,"column":3}},"line":6},"1":{"name":"internalServerError","decl":{"start":{"line":13,"column":9},"end":{"line":18,"column":3}},"loc":{"start":{"line":13,"column":9},"end":{"line":18,"column":3}},"line":13},"2":{"name":"unauthorized","decl":{"start":{"line":20,"column":9},"end":{"line":25,"column":3}},"loc":{"start":{"line":20,"column":9},"end":{"line":25,"column":3}},"line":20},"3":{"name":"ok","decl":{"start":{"line":27,"column":9},"end":{"line":32,"column":3}},"loc":{"start":{"line":27,"column":9},"end":{"line":32,"column":3}},"line":27}},"f":{"0":2,"1":5,"2":1,"3":2}}
,"C:\\Users\\Rodrigo\\Desktop\\Projects\\clean-node-api\\src\\presentation\\helpers\\internal-server-error.js": {"path":"C:\\Users\\Rodrigo\\Desktop\\Projects\\clean-node-api\\src\\presentation\\helpers\\internal-server-error.js","all":false,"statementMap":{"0":{"start":{"line":1,"column":0},"end":{"line":1,"column":51}},"1":{"start":{"line":2,"column":0},"end":{"line":2,"column":27}},"2":{"start":{"line":3,"column":0},"end":{"line":3,"column":34}},"3":{"start":{"line":4,"column":0},"end":{"line":4,"column":37}},"4":{"start":{"line":5,"column":0},"end":{"line":5,"column":3}},"5":{"start":{"line":6,"column":0},"end":{"line":6,"column":1}}},"s":{"0":1,"1":1,"2":9,"3":9,"4":9,"5":1},"branchMap":{"0":{"type":"branch","line":2,"loc":{"start":{"line":2,"column":2},"end":{"line":5,"column":3}},"locations":[{"start":{"line":2,"column":2},"end":{"line":5,"column":3}}]}},"b":{"0":[9]},"fnMap":{"0":{"name":"Unauthorized","decl":{"start":{"line":2,"column":2},"end":{"line":5,"column":3}},"loc":{"start":{"line":2,"column":2},"end":{"line":5,"column":3}},"line":2}},"f":{"0":9}}
,"C:\\Users\\Rodrigo\\Desktop\\Projects\\clean-node-api\\src\\presentation\\helpers\\missing-param-error.js": {"path":"C:\\Users\\Rodrigo\\Desktop\\Projects\\clean-node-api\\src\\presentation\\helpers\\missing-param-error.js","all":false,"statementMap":{"0":{"start":{"line":1,"column":0},"end":{"line":1,"column":56}},"1":{"start":{"line":2,"column":0},"end":{"line":2,"column":27}},"2":{"start":{"line":3,"column":0},"end":{"line":3,"column":40}},"3":{"start":{"line":4,"column":0},"end":{"line":4,"column":35}},"4":{"start":{"line":5,"column":0},"end":{"line":5,"column":3}},"5":{"start":{"line":6,"column":0},"end":{"line":6,"column":1}}},"s":{"0":1,"1":1,"2":4,"3":4,"4":4,"5":1},"branchMap":{"0":{"type":"branch","line":2,"loc":{"start":{"line":2,"column":2},"end":{"line":5,"column":3}},"locations":[{"start":{"line":2,"column":2},"end":{"line":5,"column":3}}]}},"b":{"0":[4]},"fnMap":{"0":{"name":"MissingParamError","decl":{"start":{"line":2,"column":2},"end":{"line":5,"column":3}},"loc":{"start":{"line":2,"column":2},"end":{"line":5,"column":3}},"line":2}},"f":{"0":4}}
,"C:\\Users\\Rodrigo\\Desktop\\Projects\\clean-node-api\\src\\presentation\\helpers\\unauthorized.js": {"path":"C:\\Users\\Rodrigo\\Desktop\\Projects\\clean-node-api\\src\\presentation\\helpers\\unauthorized.js","all":false,"statementMap":{"0":{"start":{"line":1,"column":0},"end":{"line":1,"column":51}},"1":{"start":{"line":2,"column":0},"end":{"line":2,"column":27}},"2":{"start":{"line":3,"column":0},"end":{"line":3,"column":25}},"3":{"start":{"line":4,"column":0},"end":{"line":4,"column":30}},"4":{"start":{"line":5,"column":0},"end":{"line":5,"column":3}},"5":{"start":{"line":6,"column":0},"end":{"line":6,"column":1}}},"s":{"0":1,"1":1,"2":2,"3":2,"4":2,"5":1},"branchMap":{"0":{"type":"branch","line":2,"loc":{"start":{"line":2,"column":2},"end":{"line":5,"column":3}},"locations":[{"start":{"line":2,"column":2},"end":{"line":5,"column":3}}]}},"b":{"0":[2]},"fnMap":{"0":{"name":"Unauthorized","decl":{"start":{"line":2,"column":2},"end":{"line":5,"column":3}},"loc":{"start":{"line":2,"column":2},"end":{"line":5,"column":3}},"line":2}},"f":{"0":2}}
,"C:\\Users\\Rodrigo\\Desktop\\Projects\\clean-node-api\\src\\presentation\\routers\\login-router.js": {"path":"C:\\Users\\Rodrigo\\Desktop\\Projects\\clean-node-api\\src\\presentation\\routers\\login-router.js","all":false,"statementMap":{"0":{"start":{"line":1,"column":0},"end":{"line":1,"column":56}},"1":{"start":{"line":2,"column":0},"end":{"line":2,"column":0}},"2":{"start":{"line":3,"column":0},"end":{"line":3,"column":36}},"3":{"start":{"line":4,"column":0},"end":{"line":4,"column":29}},"4":{"start":{"line":5,"column":0},"end":{"line":5,"column":34}},"5":{"start":{"line":6,"column":0},"end":{"line":6,"column":3}},"6":{"start":{"line":7,"column":0},"end":{"line":7,"column":0}},"7":{"start":{"line":8,"column":0},"end":{"line":8,"column":23}},"8":{"start":{"line":9,"column":0},"end":{"line":9,"column":9}},"9":{"start":{"line":10,"column":0},"end":{"line":10,"column":50}},"10":{"start":{"line":11,"column":0},"end":{"line":11,"column":19}},"11":{"start":{"line":12,"column":0},"end":{"line":12,"column":47}},"12":{"start":{"line":13,"column":0},"end":{"line":13,"column":7}},"13":{"start":{"line":14,"column":0},"end":{"line":14,"column":22}},"14":{"start":{"line":15,"column":0},"end":{"line":15,"column":50}},"15":{"start":{"line":16,"column":0},"end":{"line":16,"column":7}},"16":{"start":{"line":17,"column":0},"end":{"line":17,"column":64}},"17":{"start":{"line":18,"column":0},"end":{"line":18,"column":25}},"18":{"start":{"line":19,"column":0},"end":{"line":19,"column":42}},"19":{"start":{"line":20,"column":0},"end":{"line":20,"column":7}},"20":{"start":{"line":21,"column":0},"end":{"line":21,"column":45}},"21":{"start":{"line":22,"column":0},"end":{"line":22,"column":21}},"22":{"start":{"line":23,"column":0},"end":{"line":23,"column":26}},"23":{"start":{"line":24,"column":0},"end":{"line":24,"column":47}},"24":{"start":{"line":25,"column":0},"end":{"line":25,"column":5}},"25":{"start":{"line":26,"column":0},"end":{"line":26,"column":3}},"26":{"start":{"line":27,"column":0},"end":{"line":27,"column":1}}},"s":{"0":1,"1":1,"2":1,"3":1,"4":10,"5":10,"6":1,"7":1,"8":10,"9":10,"10":10,"11":1,"12":1,"13":10,"14":1,"15":1,"16":10,"17":10,"18":1,"19":1,"20":10,"21":10,"22":5,"23":5,"24":5,"25":10,"26":1},"branchMap":{"0":{"type":"branch","line":4,"loc":{"start":{"line":4,"column":2},"end":{"line":6,"column":3}},"locations":[{"start":{"line":4,"column":2},"end":{"line":6,"column":3}}]},"1":{"type":"branch","line":8,"loc":{"start":{"line":8,"column":2},"end":{"line":26,"column":3}},"locations":[{"start":{"line":8,"column":2},"end":{"line":26,"column":3}}]},"2":{"type":"branch","line":11,"loc":{"start":{"line":11,"column":18},"end":{"line":13,"column":7}},"locations":[{"start":{"line":11,"column":18},"end":{"line":13,"column":7}}]},"3":{"type":"branch","line":14,"loc":{"start":{"line":14,"column":21},"end":{"line":16,"column":7}},"locations":[{"start":{"line":14,"column":21},"end":{"line":16,"column":7}}]},"4":{"type":"branch","line":18,"loc":{"start":{"line":18,"column":24},"end":{"line":20,"column":7}},"locations":[{"start":{"line":18,"column":24},"end":{"line":20,"column":7}}]},"5":{"type":"branch","line":22,"loc":{"start":{"line":22,"column":6},"end":{"line":25,"column":5}},"locations":[{"start":{"line":22,"column":6},"end":{"line":25,"column":5}}]}},"b":{"0":[10],"1":[10],"2":[1],"3":[1],"4":[1],"5":[5]},"fnMap":{"0":{"name":"LoginRouter","decl":{"start":{"line":4,"column":2},"end":{"line":6,"column":3}},"loc":{"start":{"line":4,"column":2},"end":{"line":6,"column":3}},"line":4},"1":{"name":"route","decl":{"start":{"line":8,"column":2},"end":{"line":26,"column":3}},"loc":{"start":{"line":8,"column":2},"end":{"line":26,"column":3}},"line":8}},"f":{"0":10,"1":10}}
}
