{"C:\\Users\\Rodrigo\\Desktop\\Projects\\clean-node-api\\src\\presentation\\helpers\\http-response.js": {"path":"C:\\Users\\Rodrigo\\Desktop\\Projects\\clean-node-api\\src\\presentation\\helpers\\http-response.js","all":false,"statementMap":{"0":{"start":{"line":1,"column":0},"end":{"line":1,"column":58}},"1":{"start":{"line":2,"column":0},"end":{"line":2,"column":46}},"2":{"start":{"line":3,"column":0},"end":{"line":3,"column":0}},"3":{"start":{"line":4,"column":0},"end":{"line":4,"column":37}},"4":{"start":{"line":5,"column":0},"end":{"line":5,"column":33}},"5":{"start":{"line":6,"column":0},"end":{"line":6,"column":12}},"6":{"start":{"line":7,"column":0},"end":{"line":7,"column":22}},"7":{"start":{"line":8,"column":0},"end":{"line":8,"column":44}},"8":{"start":{"line":9,"column":0},"end":{"line":9,"column":5}},"9":{"start":{"line":10,"column":0},"end":{"line":10,"column":3}},"10":{"start":{"line":11,"column":0},"end":{"line":11,"column":0}},"11":{"start":{"line":12,"column":0},"end":{"line":12,"column":33}},"12":{"start":{"line":13,"column":0},"end":{"line":13,"column":12}},"13":{"start":{"line":14,"column":0},"end":{"line":14,"column":21}},"14":{"start":{"line":15,"column":0},"end":{"line":15,"column":5}},"15":{"start":{"line":16,"column":0},"end":{"line":16,"column":3}},"16":{"start":{"line":17,"column":0},"end":{"line":17,"column":0}},"17":{"start":{"line":18,"column":0},"end":{"line":18,"column":26}},"18":{"start":{"line":19,"column":0},"end":{"line":19,"column":12}},"19":{"start":{"line":20,"column":0},"end":{"line":20,"column":22}},"20":{"start":{"line":21,"column":0},"end":{"line":21,"column":30}},"21":{"start":{"line":22,"column":0},"end":{"line":22,"column":5}},"22":{"start":{"line":23,"column":0},"end":{"line":23,"column":3}},"23":{"start":{"line":24,"column":0},"end":{"line":24,"column":1}}},"s":{"0":1,"1":1,"2":1,"3":1,"4":1,"5":2,"6":2,"7":2,"8":2,"9":2,"10":1,"11":1,"12":2,"13":2,"14":2,"15":2,"16":1,"17":1,"18":2,"19":2,"20":2,"21":2,"22":2,"23":1},"branchMap":{"0":{"type":"branch","line":5,"loc":{"start":{"line":5,"column":9},"end":{"line":10,"column":3}},"locations":[{"start":{"line":5,"column":9},"end":{"line":10,"column":3}}]},"1":{"type":"branch","line":12,"loc":{"start":{"line":12,"column":9},"end":{"line":16,"column":3}},"locations":[{"start":{"line":12,"column":9},"end":{"line":16,"column":3}}]},"2":{"type":"branch","line":18,"loc":{"start":{"line":18,"column":9},"end":{"line":23,"column":3}},"locations":[{"start":{"line":18,"column":9},"end":{"line":23,"column":3}}]}},"b":{"0":[2],"1":[2],"2":[2]},"fnMap":{"0":{"name":"badRequest","decl":{"start":{"line":5,"column":9},"end":{"line":10,"column":3}},"loc":{"start":{"line":5,"column":9},"end":{"line":10,"column":3}},"line":5},"1":{"name":"internalServerError","decl":{"start":{"line":12,"column":9},"end":{"line":16,"column":3}},"loc":{"start":{"line":12,"column":9},"end":{"line":16,"column":3}},"line":12},"2":{"name":"unauthorized","decl":{"start":{"line":18,"column":9},"end":{"line":23,"column":3}},"loc":{"start":{"line":18,"column":9},"end":{"line":23,"column":3}},"line":18}},"f":{"0":2,"1":2,"2":2}}
,"C:\\Users\\Rodrigo\\Desktop\\Projects\\clean-node-api\\src\\presentation\\helpers\\missing-param-error.js": {"path":"C:\\Users\\Rodrigo\\Desktop\\Projects\\clean-node-api\\src\\presentation\\helpers\\missing-param-error.js","all":false,"statementMap":{"0":{"start":{"line":1,"column":0},"end":{"line":1,"column":56}},"1":{"start":{"line":2,"column":0},"end":{"line":2,"column":27}},"2":{"start":{"line":3,"column":0},"end":{"line":3,"column":40}},"3":{"start":{"line":4,"column":0},"end":{"line":4,"column":35}},"4":{"start":{"line":5,"column":0},"end":{"line":5,"column":3}},"5":{"start":{"line":6,"column":0},"end":{"line":6,"column":1}}},"s":{"0":1,"1":1,"2":4,"3":4,"4":4,"5":1},"branchMap":{"0":{"type":"branch","line":2,"loc":{"start":{"line":2,"column":2},"end":{"line":5,"column":3}},"locations":[{"start":{"line":2,"column":2},"end":{"line":5,"column":3}}]}},"b":{"0":[4]},"fnMap":{"0":{"name":"MissingParamError","decl":{"start":{"line":2,"column":2},"end":{"line":5,"column":3}},"loc":{"start":{"line":2,"column":2},"end":{"line":5,"column":3}},"line":2}},"f":{"0":4}}
,"C:\\Users\\Rodrigo\\Desktop\\Projects\\clean-node-api\\src\\presentation\\helpers\\unauthorized.js": {"path":"C:\\Users\\Rodrigo\\Desktop\\Projects\\clean-node-api\\src\\presentation\\helpers\\unauthorized.js","all":false,"statementMap":{"0":{"start":{"line":1,"column":0},"end":{"line":1,"column":51}},"1":{"start":{"line":2,"column":0},"end":{"line":2,"column":27}},"2":{"start":{"line":3,"column":0},"end":{"line":3,"column":25}},"3":{"start":{"line":4,"column":0},"end":{"line":4,"column":30}},"4":{"start":{"line":5,"column":0},"end":{"line":5,"column":3}},"5":{"start":{"line":6,"column":0},"end":{"line":6,"column":1}}},"s":{"0":1,"1":1,"2":3,"3":3,"4":3,"5":1},"branchMap":{"0":{"type":"branch","line":2,"loc":{"start":{"line":2,"column":2},"end":{"line":5,"column":3}},"locations":[{"start":{"line":2,"column":2},"end":{"line":5,"column":3}}]}},"b":{"0":[3]},"fnMap":{"0":{"name":"Unauthorized","decl":{"start":{"line":2,"column":2},"end":{"line":5,"column":3}},"loc":{"start":{"line":2,"column":2},"end":{"line":5,"column":3}},"line":2}},"f":{"0":3}}
,"C:\\Users\\Rodrigo\\Desktop\\Projects\\clean-node-api\\src\\presentation\\routers\\login-router.js": {"path":"C:\\Users\\Rodrigo\\Desktop\\Projects\\clean-node-api\\src\\presentation\\routers\\login-router.js","all":false,"statementMap":{"0":{"start":{"line":1,"column":0},"end":{"line":1,"column":56}},"1":{"start":{"line":2,"column":0},"end":{"line":2,"column":0}},"2":{"start":{"line":3,"column":0},"end":{"line":3,"column":36}},"3":{"start":{"line":4,"column":0},"end":{"line":4,"column":29}},"4":{"start":{"line":5,"column":0},"end":{"line":5,"column":34}},"5":{"start":{"line":6,"column":0},"end":{"line":6,"column":3}},"6":{"start":{"line":7,"column":0},"end":{"line":7,"column":0}},"7":{"start":{"line":8,"column":0},"end":{"line":8,"column":23}},"8":{"start":{"line":9,"column":0},"end":{"line":9,"column":44}},"9":{"start":{"line":10,"column":0},"end":{"line":10,"column":47}},"10":{"start":{"line":11,"column":0},"end":{"line":11,"column":5}},"11":{"start":{"line":12,"column":0},"end":{"line":12,"column":48}},"12":{"start":{"line":13,"column":0},"end":{"line":13,"column":17}},"13":{"start":{"line":14,"column":0},"end":{"line":14,"column":45}},"14":{"start":{"line":15,"column":0},"end":{"line":15,"column":5}},"15":{"start":{"line":16,"column":0},"end":{"line":16,"column":20}},"16":{"start":{"line":17,"column":0},"end":{"line":17,"column":48}},"17":{"start":{"line":18,"column":0},"end":{"line":18,"column":5}},"18":{"start":{"line":19,"column":0},"end":{"line":19,"column":42}},"19":{"start":{"line":20,"column":0},"end":{"line":20,"column":38}},"20":{"start":{"line":21,"column":0},"end":{"line":21,"column":3}},"21":{"start":{"line":22,"column":0},"end":{"line":22,"column":1}}},"s":{"0":1,"1":1,"2":1,"3":1,"4":6,"5":6,"6":1,"7":1,"8":6,"9":2,"10":2,"11":6,"12":6,"13":1,"14":1,"15":6,"16":1,"17":1,"18":2,"19":2,"20":2,"21":1},"branchMap":{"0":{"type":"branch","line":4,"loc":{"start":{"line":4,"column":2},"end":{"line":6,"column":3}},"locations":[{"start":{"line":4,"column":2},"end":{"line":6,"column":3}}]},"1":{"type":"branch","line":8,"loc":{"start":{"line":8,"column":2},"end":{"line":21,"column":3}},"locations":[{"start":{"line":8,"column":2},"end":{"line":21,"column":3}}]},"2":{"type":"branch","line":9,"loc":{"start":{"line":9,"column":8},"end":{"line":9,"column":43}},"locations":[{"start":{"line":9,"column":8},"end":{"line":9,"column":43}}]},"3":{"type":"branch","line":9,"loc":{"start":{"line":9,"column":43},"end":{"line":11,"column":5}},"locations":[{"start":{"line":9,"column":43},"end":{"line":11,"column":5}}]},"4":{"type":"branch","line":13,"loc":{"start":{"line":13,"column":16},"end":{"line":15,"column":5}},"locations":[{"start":{"line":13,"column":16},"end":{"line":15,"column":5}}]},"5":{"type":"branch","line":16,"loc":{"start":{"line":16,"column":-2},"end":{"line":16,"column":8}},"locations":[{"start":{"line":16,"column":-2},"end":{"line":16,"column":8}}]},"6":{"type":"branch","line":16,"loc":{"start":{"line":16,"column":19},"end":{"line":18,"column":5}},"locations":[{"start":{"line":16,"column":19},"end":{"line":18,"column":5}}]},"7":{"type":"branch","line":19,"loc":{"start":{"line":19,"column":-2},"end":{"line":21,"column":3}},"locations":[{"start":{"line":19,"column":-2},"end":{"line":21,"column":3}}]}},"b":{"0":[6],"1":[6],"2":[5],"3":[2],"4":[1],"5":[3],"6":[1],"7":[2]},"fnMap":{"0":{"name":"LoginRouter","decl":{"start":{"line":4,"column":2},"end":{"line":6,"column":3}},"loc":{"start":{"line":4,"column":2},"end":{"line":6,"column":3}},"line":4},"1":{"name":"route","decl":{"start":{"line":8,"column":2},"end":{"line":21,"column":3}},"loc":{"start":{"line":8,"column":2},"end":{"line":21,"column":3}},"line":8}},"f":{"0":6,"1":6}}
}
