TN:
SF:src\presentation\helpers\http-response.js
FN:5,badRequest
FN:12,internalServerError
FN:18,unauthorized
FNF:3
FNH:3
FNDA:2,badRequest
FNDA:2,internalServerError
FNDA:2,unauthorized
DA:1,1
DA:2,1
DA:3,1
DA:4,1
DA:5,1
DA:6,2
DA:7,2
DA:8,2
DA:9,2
DA:10,2
DA:11,1
DA:12,1
DA:13,2
DA:14,2
DA:15,2
DA:16,2
DA:17,1
DA:18,1
DA:19,2
DA:20,2
DA:21,2
DA:22,2
DA:23,2
DA:24,1
LF:24
LH:24
BRDA:5,0,0,2
BRDA:12,1,0,2
BRDA:18,2,0,2
BRF:3
BRH:3
end_of_record
TN:
SF:src\presentation\helpers\missing-param-error.js
FN:2,MissingParamError
FNF:1
FNH:1
FNDA:4,MissingParamError
DA:1,1
DA:2,1
DA:3,4
DA:4,4
DA:5,4
DA:6,1
LF:6
LH:6
BRDA:2,0,0,4
BRF:1
BRH:1
end_of_record
TN:
SF:src\presentation\helpers\unauthorized.js
FN:2,Unauthorized
FNF:1
FNH:1
FNDA:3,Unauthorized
DA:1,1
DA:2,1
DA:3,3
DA:4,3
DA:5,3
DA:6,1
LF:6
LH:6
BRDA:2,0,0,3
BRF:1
BRH:1
end_of_record
TN:
SF:src\presentation\routers\login-router.js
FN:4,LoginRouter
FN:8,route
FNF:2
FNH:2
FNDA:6,LoginRouter
FNDA:6,route
DA:1,1
DA:2,1
DA:3,1
DA:4,1
DA:5,6
DA:6,6
DA:7,1
DA:8,1
DA:9,6
DA:10,2
DA:11,2
DA:12,6
DA:13,6
DA:14,1
DA:15,1
DA:16,6
DA:17,1
DA:18,1
DA:19,2
DA:20,2
DA:21,2
DA:22,1
LF:22
LH:22
BRDA:4,0,0,6
BRDA:8,1,0,6
BRDA:9,2,0,5
BRDA:9,3,0,2
BRDA:13,4,0,1
BRDA:16,5,0,3
BRDA:16,6,0,1
BRDA:19,7,0,2
BRF:8
BRH:8
end_of_record
