TN:
SF:src\presentation\helpers\http-response.js
FN:5,badRequest
FN:12,internalServerError
FN:18,unauthorized
FNF:3
FNH:3
FNDA:2,badRequest
FNDA:4,internalServerError
FNDA:2,unauthorized
DA:1,1
DA:2,1
DA:3,1
DA:4,1
DA:5,1
DA:6,2
DA:7,2
DA:8,2
DA:9,2
DA:10,2
DA:11,1
DA:12,1
DA:13,4
DA:14,4
DA:15,4
DA:16,4
DA:17,1
DA:18,1
DA:19,2
DA:20,2
DA:21,2
DA:22,2
DA:23,2
DA:24,1
LF:24
LH:24
BRDA:5,0,0,2
BRDA:12,1,0,4
BRDA:18,2,0,2
BRF:3
BRH:3
end_of_record
TN:
SF:src\presentation\helpers\missing-param-error.js
FN:2,MissingParamError
FNF:1
FNH:1
FNDA:4,MissingParamError
DA:1,1
DA:2,1
DA:3,4
DA:4,4
DA:5,4
DA:6,1
LF:6
LH:6
BRDA:2,0,0,4
BRF:1
BRH:1
end_of_record
TN:
SF:src\presentation\helpers\unauthorized.js
FN:2,Unauthorized
FNF:1
FNH:1
FNDA:3,Unauthorized
DA:1,1
DA:2,1
DA:3,3
DA:4,3
DA:5,3
DA:6,1
LF:6
LH:6
BRDA:2,0,0,3
BRF:1
BRH:1
end_of_record
TN:
SF:src\presentation\routers\login-router.js
FN:4,LoginRouter
FN:8,route
FNF:2
FNH:2
FNDA:8,LoginRouter
FNDA:8,route
DA:1,1
DA:2,1
DA:3,1
DA:4,1
DA:5,8
DA:6,8
DA:7,1
DA:8,1
DA:9,8
DA:10,4
DA:11,4
DA:12,4
DA:13,8
DA:14,1
DA:15,1
DA:16,8
DA:17,1
DA:18,1
DA:19,2
DA:20,2
DA:21,2
DA:22,1
LF:22
LH:22
BRDA:4,0,0,8
BRDA:8,1,0,8
BRDA:9,2,0,7
BRDA:9,3,0,6
BRDA:9,4,0,5
BRDA:9,5,0,4
BRDA:13,6,0,1
BRDA:16,7,0,3
BRDA:16,8,0,1
BRDA:19,9,0,2
BRF:10
BRH:10
end_of_record
